# JRE version: Java(TM) SE Runtime Environment (8.0_101-b13) (build 1.8.0_101-b13)
# Java VM: Java HotSpot(TM) 64-Bit Server VM (25.101-b13 mixed mode linux-amd64 compressed oops)
Heap:
 PSYoungGen      total 37888K, used 1937K [0x00000000d6980000, 0x00000000daf00000, 0x0000000100000000)
  eden space 32768K, 5% used [0x00000000d6980000,0x00000000d6b64570,0x00000000d8980000)
  from space 5120K, 0% used [0x00000000d8980000,0x00000000d8980000,0x00000000d8e80000)
  to   space 5120K, 0% used [0x00000000daa00000,0x00000000daa00000,0x00000000daf00000)
 ParOldGen       total 64000K, used 11457K [0x0000000083c00000, 0x0000000087a80000, 0x00000000d6980000)
  object space 64000K, 17% used [0x0000000083c00000,0x0000000084730558,0x0000000087a80000)
 Metaspace       used 20120K, capacity 21292K, committed 21504K, reserved 1067008K
  class space    used 2966K, capacity 3237K, committed 3328K, reserved 1048576K
GC Heap History (8 events):
Event: 0.767 GC heap before
{Heap before GC invocations=1 (full 0):
 PSYoungGen      total 37888K, used 32768K [0x00000000d6980000, 0x00000000d9380000, 0x0000000100000000)
  eden space 32768K, 100% used [0x00000000d6980000,0x00000000d8980000,0x00000000d8980000)
  from space 5120K, 0% used [0x00000000d8e80000,0x00000000d8e80000,0x00000000d9380000)
  to   space 5120K, 0% used [0x00000000d8980000,0x00000000d8980000,0x00000000d8e80000)
 ParOldGen       total 86016K, used 0K [0x0000000083c00000, 0x0000000089000000, 0x00000000d6980000)
  object space 86016K, 0% used [0x0000000083c00000,0x0000000083c00000,0x0000000089000000)
 Metaspace       used 13311K, capacity 13754K, committed 14080K, reserved 1060864K
  class space    used 1816K, capacity 1970K, committed 2048K, reserved 1048576K
Event: 0.777 GC heap after
Heap after GC invocations=1 (full 0):
 PSYoungGen      total 37888K, used 5025K [0x00000000d6980000, 0x00000000db380000, 0x0000000100000000)
  eden space 32768K, 0% used [0x00000000d6980000,0x00000000d6980000,0x00000000d8980000)
  from space 5120K, 98% used [0x00000000d8980000,0x00000000d8e68500,0x00000000d8e80000)
  to   space 5120K, 0% used [0x00000000dae80000,0x00000000dae80000,0x00000000db380000)
 ParOldGen       total 86016K, used 72K [0x0000000083c00000, 0x0000000089000000, 0x00000000d6980000)
  object space 86016K, 0% used [0x0000000083c00000,0x0000000083c12010,0x0000000089000000)
 Metaspace       used 13311K, capacity 13754K, committed 14080K, reserved 1060864K
  class space    used 1816K, capacity 1970K, committed 2048K, reserved 1048576K
}
Event: 2.360 GC heap before
{Heap before GC invocations=2 (full 0):
 PSYoungGen      total 37888K, used 37793K [0x00000000d6980000, 0x00000000db380000, 0x0000000100000000)
  eden space 32768K, 100% used [0x00000000d6980000,0x00000000d8980000,0x00000000d8980000)
  from space 5120K, 98% used [0x00000000d8980000,0x00000000d8e68500,0x00000000d8e80000)
  to   space 5120K, 0% used [0x00000000dae80000,0x00000000dae80000,0x00000000db380000)
 ParOldGen       total 86016K, used 72K [0x0000000083c00000, 0x0000000089000000, 0x00000000d6980000)
  object space 86016K, 0% used [0x0000000083c00000,0x0000000083c12010,0x0000000089000000)
 Metaspace       used 19281K, capacity 20460K, committed 20608K, reserved 1067008K
  class space    used 2862K, capacity 3131K, committed 3200K, reserved 1048576K
Event: 2.371 GC heap after
Heap after GC invocations=2 (full 0):
 PSYoungGen      total 37888K, used 5089K [0x00000000d6980000, 0x00000000db380000, 0x0000000100000000)
  eden space 32768K, 0% used [0x00000000d6980000,0x00000000d6980000,0x00000000d8980000)
  from space 5120K, 99% used [0x00000000dae80000,0x00000000db3784f8,0x00000000db380000)
  to   space 5120K, 0% used [0x00000000d8980000,0x00000000d8980000,0x00000000d8e80000)
 ParOldGen       total 86016K, used 6185K [0x0000000083c00000, 0x0000000089000000, 0x00000000d6980000)
  object space 86016K, 7% used [0x0000000083c00000,0x000000008420a5e0,0x0000000089000000)
 Metaspace       used 19281K, capacity 20460K, committed 20608K, reserved 1067008K
  class space    used 2862K, capacity 3131K, committed 3200K, reserved 1048576K
}
Event: 12.987 GC heap before
{Heap before GC invocations=3 (full 0):
 PSYoungGen      total 37888K, used 9140K [0x00000000d6980000, 0x00000000db380000, 0x0000000100000000)
  eden space 32768K, 12% used [0x00000000d6980000,0x00000000d6d74e98,0x00000000d8980000)
  from space 5120K, 99% used [0x00000000dae80000,0x00000000db3784f8,0x00000000db380000)
  to   space 5120K, 0% used [0x00000000d8980000,0x00000000d8980000,0x00000000d8e80000)
 ParOldGen       total 86016K, used 6185K [0x0000000083c00000, 0x0000000089000000, 0x00000000d6980000)
  object space 86016K, 7% used [0x0000000083c00000,0x000000008420a5e0,0x0000000089000000)
 Metaspace       used 19893K, capacity 21066K, committed 21248K, reserved 1067008K
  class space    used 2929K, capacity 3204K, committed 3328K, reserved 1048576K
Event: 12.995 GC heap after
Heap after GC invocations=3 (full 0):
 PSYoungGen      total 37888K, used 5105K [0x00000000d6980000, 0x00000000daf00000, 0x0000000100000000)
  eden space 32768K, 0% used [0x00000000d6980000,0x00000000d6980000,0x00000000d8980000)
  from space 5120K, 99% used [0x00000000d8980000,0x00000000d8e7c4e8,0x00000000d8e80000)
  to   space 5120K, 0% used [0x00000000daa00000,0x00000000daa00000,0x00000000daf00000)
 ParOldGen       total 86016K, used 6545K [0x0000000083c00000, 0x0000000089000000, 0x00000000d6980000)
  object space 86016K, 7% used [0x0000000083c00000,0x00000000842645f0,0x0000000089000000)
 Metaspace       used 19893K, capacity 21066K, committed 21248K, reserved 1067008K
  class space    used 2929K, capacity 3204K, committed 3328K, reserved 1048576K
}
Event: 12.995 GC heap before
{Heap before GC invocations=4 (full 1):
 PSYoungGen      total 37888K, used 5105K [0x00000000d6980000, 0x00000000daf00000, 0x0000000100000000)
  eden space 32768K, 0% used [0x00000000d6980000,0x00000000d6980000,0x00000000d8980000)
  from space 5120K, 99% used [0x00000000d8980000,0x00000000d8e7c4e8,0x00000000d8e80000)
  to   space 5120K, 0% used [0x00000000daa00000,0x00000000daa00000,0x00000000daf00000)
 ParOldGen       total 86016K, used 6545K [0x0000000083c00000, 0x0000000089000000, 0x00000000d6980000)
  object space 86016K, 7% used [0x0000000083c00000,0x00000000842645f0,0x0000000089000000)
 Metaspace       used 19893K, capacity 21066K, committed 21248K, reserved 1067008K
  class space    used 2929K, capacity 3204K, committed 3328K, reserved 1048576K
Event: 13.043 GC heap after
Heap after GC invocations=4 (full 1):
 PSYoungGen      total 37888K, used 0K [0x00000000d6980000, 0x00000000daf00000, 0x0000000100000000)
  eden space 32768K, 0% used [0x00000000d6980000,0x00000000d6980000,0x00000000d8980000)
  from space 5120K, 0% used [0x00000000d8980000,0x00000000d8980000,0x00000000d8e80000)
  to   space 5120K, 0% used [0x00000000daa00000,0x00000000daa00000,0x00000000daf00000)
 ParOldGen       total 64000K, used 11457K [0x0000000083c00000, 0x0000000087a80000, 0x00000000d6980000)
  object space 64000K, 17% used [0x0000000083c00000,0x0000000084730558,0x0000000087a80000)
 Metaspace       used 19893K, capacity 21066K, committed 21248K, reserved 1067008K
  class space    used 2929K, capacity 3204K, committed 3328K, reserved 1048576K
}

