# JRE version: Java(TM) SE Runtime Environment (8.0_101-b13) (build 1.8.0_101-b13)
# Java VM: Java HotSpot(TM) 64-Bit Server VM (25.101-b13 mixed mode linux-amd64 compressed oops)
Heap:
 PSYoungGen      total 37888K, used 7919K [0x00000000d6980000, 0x00000000daf00000, 0x0000000100000000)
  eden space 32768K, 8% used [0x00000000d6980000,0x00000000d6c41938,0x00000000d8980000)
  from space 5120K, 99% used [0x00000000daa00000,0x00000000daefa4a8,0x00000000daf00000)
  to   space 5120K, 0% used [0x00000000d8980000,0x00000000d8980000,0x00000000d8e80000)
 ParOldGen       total 86016K, used 5090K [0x0000000083c00000, 0x0000000089000000, 0x00000000d6980000)
  object space 86016K, 5% used [0x0000000083c00000,0x00000000840f8ac0,0x0000000089000000)
 Metaspace       used 18535K, capacity 19572K, committed 19840K, reserved 1067008K
  class space    used 2669K, capacity 2879K, committed 2944K, reserved 1048576K
GC Heap History (8 events):
Event: 0.701 GC heap before
{Heap before GC invocations=1 (full 0):
 PSYoungGen      total 37888K, used 32768K [0x00000000d6980000, 0x00000000d9380000, 0x0000000100000000)
  eden space 32768K, 100% used [0x00000000d6980000,0x00000000d8980000,0x00000000d8980000)
  from space 5120K, 0% used [0x00000000d8e80000,0x00000000d8e80000,0x00000000d9380000)
  to   space 5120K, 0% used [0x00000000d8980000,0x00000000d8980000,0x00000000d8e80000)
 ParOldGen       total 86016K, used 0K [0x0000000083c00000, 0x0000000089000000, 0x00000000d6980000)
  object space 86016K, 0% used [0x0000000083c00000,0x0000000083c00000,0x0000000089000000)
 Metaspace       used 13094K, capacity 13554K, committed 13824K, reserved 1060864K
  class space    used 1854K, capacity 2018K, committed 2048K, reserved 1048576K
Event: 0.709 GC heap after
Heap after GC invocations=1 (full 0):
 PSYoungGen      total 37888K, used 4507K [0x00000000d6980000, 0x00000000db380000, 0x0000000100000000)
  eden space 32768K, 0% used [0x00000000d6980000,0x00000000d6980000,0x00000000d8980000)
  from space 5120K, 88% used [0x00000000d8980000,0x00000000d8de6f90,0x00000000d8e80000)
  to   space 5120K, 0% used [0x00000000dae80000,0x00000000dae80000,0x00000000db380000)
 ParOldGen       total 86016K, used 80K [0x0000000083c00000, 0x0000000089000000, 0x00000000d6980000)
  object space 86016K, 0% used [0x0000000083c00000,0x0000000083c14010,0x0000000089000000)
 Metaspace       used 13094K, capacity 13554K, committed 13824K, reserved 1060864K
  class space    used 1854K, capacity 2018K, committed 2048K, reserved 1048576K
}
Event: 3.701 GC heap before
{Heap before GC invocations=2 (full 0):
 PSYoungGen      total 37888K, used 37275K [0x00000000d6980000, 0x00000000db380000, 0x0000000100000000)
  eden space 32768K, 100% used [0x00000000d6980000,0x00000000d8980000,0x00000000d8980000)
  from space 5120K, 88% used [0x00000000d8980000,0x00000000d8de6f90,0x00000000d8e80000)
  to   space 5120K, 0% used [0x00000000dae80000,0x00000000dae80000,0x00000000db380000)
 ParOldGen       total 86016K, used 80K [0x0000000083c00000, 0x0000000089000000, 0x00000000d6980000)
  object space 86016K, 0% used [0x0000000083c00000,0x0000000083c14010,0x0000000089000000)
 Metaspace       used 18354K, capacity 19376K, committed 19584K, reserved 1067008K
  class space    used 2668K, capacity 2879K, committed 2944K, reserved 1048576K
Event: 3.709 GC heap after
Heap after GC invocations=2 (full 0):
 PSYoungGen      total 37888K, used 5097K [0x00000000d6980000, 0x00000000db380000, 0x0000000100000000)
  eden space 32768K, 0% used [0x00000000d6980000,0x00000000d6980000,0x00000000d8980000)
  from space 5120K, 99% used [0x00000000dae80000,0x00000000db37a4a8,0x00000000db380000)
  to   space 5120K, 0% used [0x00000000d8980000,0x00000000d8980000,0x00000000d8e80000)
 ParOldGen       total 86016K, used 4770K [0x0000000083c00000, 0x0000000089000000, 0x00000000d6980000)
  object space 86016K, 5% used [0x0000000083c00000,0x00000000840a8ac0,0x0000000089000000)
 Metaspace       used 18354K, capacity 19376K, committed 19584K, reserved 1067008K
  class space    used 2668K, capacity 2879K, committed 2944K, reserved 1048576K
}
Event: 5.357 GC heap before
{Heap before GC invocations=3 (full 0):
 PSYoungGen      total 37888K, used 37865K [0x00000000d6980000, 0x00000000db380000, 0x0000000100000000)
  eden space 32768K, 100% used [0x00000000d6980000,0x00000000d8980000,0x00000000d8980000)
  from space 5120K, 99% used [0x00000000dae80000,0x00000000db37a4a8,0x00000000db380000)
  to   space 5120K, 0% used [0x00000000d8980000,0x00000000d8980000,0x00000000d8e80000)
 ParOldGen       total 86016K, used 4770K [0x0000000083c00000, 0x0000000089000000, 0x00000000d6980000)
  object space 86016K, 5% used [0x0000000083c00000,0x00000000840a8ac0,0x0000000089000000)
 Metaspace       used 18488K, capacity 19508K, committed 19840K, reserved 1067008K
  class space    used 2669K, capacity 2879K, committed 2944K, reserved 1048576K
Event: 5.363 GC heap after
Heap after GC invocations=3 (full 0):
 PSYoungGen      total 37888K, used 5115K [0x00000000d6980000, 0x00000000daf00000, 0x0000000100000000)
  eden space 32768K, 0% used [0x00000000d6980000,0x00000000d6980000,0x00000000d8980000)
  from space 5120K, 99% used [0x00000000d8980000,0x00000000d8e7efb8,0x00000000d8e80000)
  to   space 5120K, 0% used [0x00000000daa00000,0x00000000daa00000,0x00000000daf00000)
 ParOldGen       total 86016K, used 4978K [0x0000000083c00000, 0x0000000089000000, 0x00000000d6980000)
  object space 86016K, 5% used [0x0000000083c00000,0x00000000840dcac0,0x0000000089000000)
 Metaspace       used 18488K, capacity 19508K, committed 19840K, reserved 1067008K
  class space    used 2669K, capacity 2879K, committed 2944K, reserved 1048576K
}
Event: 7.818 GC heap before
{Heap before GC invocations=4 (full 0):
 PSYoungGen      total 37888K, used 37883K [0x00000000d6980000, 0x00000000daf00000, 0x0000000100000000)
  eden space 32768K, 100% used [0x00000000d6980000,0x00000000d8980000,0x00000000d8980000)
  from space 5120K, 99% used [0x00000000d8980000,0x00000000d8e7efb8,0x00000000d8e80000)
  to   space 5120K, 0% used [0x00000000daa00000,0x00000000daa00000,0x00000000daf00000)
 ParOldGen       total 86016K, used 4978K [0x0000000083c00000, 0x0000000089000000, 0x00000000d6980000)
  object space 86016K, 5% used [0x0000000083c00000,0x00000000840dcac0,0x0000000089000000)
 Metaspace       used 18531K, capacity 19572K, committed 19840K, reserved 1067008K
  class space    used 2669K, capacity 2879K, committed 2944K, reserved 1048576K
Event: 7.825 GC heap after
Heap after GC invocations=4 (full 0):
 PSYoungGen      total 37888K, used 5097K [0x00000000d6980000, 0x00000000daf00000, 0x0000000100000000)
  eden space 32768K, 0% used [0x00000000d6980000,0x00000000d6980000,0x00000000d8980000)
  from space 5120K, 99% used [0x00000000daa00000,0x00000000daefa4a8,0x00000000daf00000)
  to   space 5120K, 0% used [0x00000000d8980000,0x00000000d8980000,0x00000000d8e80000)
 ParOldGen       total 86016K, used 5090K [0x0000000083c00000, 0x0000000089000000, 0x00000000d6980000)
  object space 86016K, 5% used [0x0000000083c00000,0x00000000840f8ac0,0x0000000089000000)
 Metaspace       used 18531K, capacity 19572K, committed 19840K, reserved 1067008K
  class space    used 2669K, capacity 2879K, committed 2944K, reserved 1048576K
}

